<?xml version="1.0" encoding="UTF-8"?>
<!-- Generated by org.testng.reporters.JUnitReportReporter -->
<testsuite hostname="Bhavesh-Lenovo" failures="0" tests="3" name="test.testex.DataProviderExternalExample" time="109.048" errors="0" timestamp="2025-01-05T10:34:17 IST" skipped="0">
  <testcase classname="test.testex.DataProviderExternalExample" name="testLogin" time="40.390"/>
  <testcase classname="test.testex.DataProviderExternalExample" name="testLogin" time="39.015"/>
  <testcase classname="test.testex.DataProviderExternalExample" name="testLogin" time="29.643"/>
</testsuite> <!-- test.testex.DataProviderExternalExample -->
