<?xml version="1.0" encoding="UTF-8"?>
<!-- Generated by org.testng.reporters.JUnitReportReporter -->
<testsuite hostname="Bhavesh-Lenovo" failures="0" tests="1" name="test.testex.SoftAssertionExample" time="44.617" errors="0" timestamp="2025-01-05T10:15:14 IST" skipped="0">
  <testcase classname="test.testex.SoftAssertionExample" name="f" time="44.617"/>
</testsuite> <!-- test.testex.SoftAssertionExample -->
