<?xml version="1.0" encoding="UTF-8"?>
<!-- Generated by org.testng.reporters.JUnitReportReporter -->
<testsuite hostname="Bhavesh-Lenovo" failures="0" tests="1" name="test.testex.AppTest" time="14.818" errors="0" timestamp="2024-12-29T10:50:40 IST" skipped="0">
  <testcase classname="test.testex.AppTest" name="f" time="14.818"/>
</testsuite> <!-- test.testex.AppTest -->
