<?xml version="1.0" encoding="UTF-8"?>
<!-- Generated by org.testng.reporters.JUnitReportReporter -->
<testsuite hostname="Bhavesh-Lenovo" failures="0" tests="3" name="test.testex.DataProviderExample" time="72.931" errors="0" timestamp="2025-01-05T10:29:06 IST" skipped="0">
  <testcase classname="test.testex.DataProviderExample" name="testLogin" time="21.338"/>
  <testcase classname="test.testex.DataProviderExample" name="testLogin" time="38.107"/>
  <testcase classname="test.testex.DataProviderExample" name="testLogin" time="13.486"/>
</testsuite> <!-- test.testex.DataProviderExample -->
