<?xml version="1.0" encoding="UTF-8"?>
<!-- Generated by org.testng.reporters.JUnitReportReporter -->
<testsuite hostname="Bhavesh-Lenovo" failures="0" tests="1" name="test.testex.ExceptionTestExample" time="0.064" errors="0" timestamp="2025-01-05T10:46:40 IST" skipped="0">
  <testcase classname="test.testex.ExceptionTestExample" name="testException" time="0.064"/>
</testsuite> <!-- test.testex.ExceptionTestExample -->
