<?xml version="1.0" encoding="UTF-8"?>
<!-- Generated by org.testng.reporters.JUnitReportReporter -->
<testsuite hostname="Bhavesh-Lenovo" failures="0" tests="1" name="test.testex.SeleniumGridDemo" time="26.648" errors="0" timestamp="2025-01-26T09:40:52 IST" skipped="0">
  <testcase classname="test.testex.SeleniumGridDemo" name="f" time="26.648"/>
</testsuite> <!-- test.testex.SeleniumGridDemo -->
