<?xml version="1.0" encoding="UTF-8"?>
<!-- Generated by org.testng.reporters.JUnitReportReporter -->
<testsuite hostname="Bhavesh-Lenovo" failures="0" tests="1" name="test.testex.TestNGParameterExample" time="30.374" errors="0" timestamp="2025-01-05T10:22:43 IST" skipped="0">
  <testcase classname="test.testex.TestNGParameterExample" name="testLogin" time="30.374"/>
</testsuite> <!-- test.testex.TestNGParameterExample -->
