<?xml version="1.0" encoding="UTF-8"?>
<!-- Generated by org.testng.reporters.JUnitReportReporter -->
<testsuite hostname="Bhavesh-Lenovo" failures="0" tests="2" name="test.testex.SeleniumGridParameterCapDemo" time="55.234" errors="0" timestamp="2025-01-26T09:51:54 IST" skipped="0">
  <testcase classname="test.testex.SeleniumGridParameterCapDemo" name="SeleniumGridParameter" time="22.055"/>
  <testcase classname="test.testex.SeleniumGridParameterCapDemo" name="SeleniumGridParameter" time="33.179"/>
</testsuite> <!-- test.testex.SeleniumGridParameterCapDemo -->
