<?xml version="1.0" encoding="UTF-8"?>
<!-- Generated by org.testng.reporters.JUnitReportReporter -->
<testsuite hostname="Bhavesh-Lenovo" failures="0" tests="3" name="test.testex.InvocationCountExample" time="0.045" errors="0" timestamp="2025-01-05T10:48:27 IST" skipped="0">
  <testcase classname="test.testex.InvocationCountExample" name="testMultipleLogins" time="0.009"/>
  <testcase classname="test.testex.InvocationCountExample" name="testMultipleLogins" time="0.007"/>
  <testcase classname="test.testex.InvocationCountExample" name="testMultipleLogins" time="0.029"/>
</testsuite> <!-- test.testex.InvocationCountExample -->
