<?xml version="1.0" encoding="UTF-8"?>
<!-- Generated by org.testng.reporters.JUnitReportReporter -->
<testsuite hostname="Bhavesh-Lenovo" failures="0" tests="1" name="test.testex.LoginTests" time="1.417" errors="0" timestamp="2024-12-29T11:18:47 IST" skipped="0">
  <testcase classname="test.testex.LoginTests" name="testValidLogin" time="1.417"/>
</testsuite> <!-- test.testex.LoginTests -->
