<?xml version="1.0" encoding="UTF-8"?>
<!-- Generated by org.testng.reporters.JUnitReportReporter -->
<testsuite hostname="Bhavesh-Lenovo" failures="0" tests="1" name="test.testex.MailReportLoginTest" time="2.650" errors="0" timestamp="2025-01-08T15:18:35 IST" skipped="0">
  <testcase classname="test.testex.MailReportLoginTest" name="loginTest" time="2.650"/>
</testsuite> <!-- test.testex.MailReportLoginTest -->
